2026-03-09 08:38:01 [INFO]  Aether is up and flying! addr=localhost:8080
2026-03-09 08:38:31 [INFO]  Aether is up and flying! !BADKEY=localhost:8080
2026-03-09 08:41:19 [INFO]  Aether is up and flying! localhost:8080
2026-03-09 08:59:49 [INFO]  Cron job registered: daily_cleanup (interval: 15s)
2026-03-09 08:59:49 [INFO]  Starting 1 cron jobs...
2026-03-09 08:59:49 [INFO]  Aether is up and flying! localhost:8080
2026-03-09 09:00:04 [INFO]  Running scheduled daily cleanup... (mocking background task)
2026-03-09 09:00:19 [INFO]  Running scheduled daily cleanup... (mocking background task)
2026-03-09 09:00:34 [INFO]  Running scheduled daily cleanup... (mocking background task)
2026-03-09 09:00:49 [INFO]  Running scheduled daily cleanup... (mocking background task)
2026-03-09 09:01:04 [INFO]  Running scheduled daily cleanup... (mocking background task)
2026-03-09 09:01:19 [INFO]  Running scheduled daily cleanup... (mocking background task)
2026-03-09 09:01:34 [INFO]  Running scheduled daily cleanup... (mocking background task)
2026-03-09 09:01:49 [INFO]  Running scheduled daily cleanup... (mocking background task)
2026-03-09 09:02:04 [INFO]  Running scheduled daily cleanup... (mocking background task)
2026-03-09 09:02:19 [INFO]  Running scheduled daily cleanup... (mocking background task)
2026-03-09 09:02:34 [INFO]  Running scheduled daily cleanup... (mocking background task)
2026-03-09 09:02:49 [INFO]  Running scheduled daily cleanup... (mocking background task)
2026-03-09 09:03:04 [INFO]  Running scheduled daily cleanup... (mocking background task)
2026-03-09 09:03:19 [INFO]  Running scheduled daily cleanup... (mocking background task)
2026-03-09 09:03:34 [INFO]  Running scheduled daily cleanup... (mocking background task)
2026-03-09 09:03:49 [INFO]  Running scheduled daily cleanup... (mocking background task)
2026-03-09 09:04:04 [INFO]  Running scheduled daily cleanup... (mocking background task)
2026-03-09 09:04:19 [INFO]  Running scheduled daily cleanup... (mocking background task)
2026-03-09 09:04:34 [INFO]  Running scheduled daily cleanup... (mocking background task)
2026-03-09 09:04:49 [INFO]  Running scheduled daily cleanup... (mocking background task)
2026-03-09 09:05:04 [INFO]  Running scheduled daily cleanup... (mocking background task)
2026-03-09 09:05:19 [INFO]  Running scheduled daily cleanup... (mocking background task)
2026-03-09 09:05:34 [INFO]  Running scheduled daily cleanup... (mocking background task)
2026-03-09 09:05:49 [INFO]  Running scheduled daily cleanup... (mocking background task)
2026-03-09 09:06:04 [INFO]  Running scheduled daily cleanup... (mocking background task)
2026-03-09 09:06:19 [INFO]  Running scheduled daily cleanup... (mocking background task)
2026-03-09 09:06:34 [INFO]  Running scheduled daily cleanup... (mocking background task)
2026-03-09 09:06:49 [INFO]  Running scheduled daily cleanup... (mocking background task)
2026-03-09 09:07:04 [INFO]  Running scheduled daily cleanup... (mocking background task)
2026-03-09 09:07:19 [INFO]  Running scheduled daily cleanup... (mocking background task)
2026-03-09 09:07:34 [INFO]  Running scheduled daily cleanup... (mocking background task)
2026-03-09 09:07:49 [INFO]  Running scheduled daily cleanup... (mocking background task)
2026-03-09 09:08:04 [INFO]  Running scheduled daily cleanup... (mocking background task)
2026-03-09 09:08:19 [INFO]  Running scheduled daily cleanup... (mocking background task)
2026-03-09 09:08:34 [INFO]  Running scheduled daily cleanup... (mocking background task)
2026-03-09 09:08:49 [INFO]  Running scheduled daily cleanup... (mocking background task)
2026-03-09 09:09:04 [INFO]  Running scheduled daily cleanup... (mocking background task)
2026-03-09 09:09:19 [INFO]  Running scheduled daily cleanup... (mocking background task)
2026-03-09 09:09:34 [INFO]  Running scheduled daily cleanup... (mocking background task)
2026-03-09 09:09:49 [INFO]  Running scheduled daily cleanup... (mocking background task)
2026-03-09 09:10:04 [INFO]  Running scheduled daily cleanup... (mocking background task)
2026-03-09 09:10:19 [INFO]  Running scheduled daily cleanup... (mocking background task)
2026-03-09 09:10:34 [INFO]  Running scheduled daily cleanup... (mocking background task)
2026-03-09 09:10:49 [INFO]  Running scheduled daily cleanup... (mocking background task)
2026-03-09 09:11:04 [INFO]  Running scheduled daily cleanup... (mocking background task)
2026-03-09 09:11:19 [INFO]  Running scheduled daily cleanup... (mocking background task)
2026-03-09 09:11:34 [INFO]  Running scheduled daily cleanup... (mocking background task)
2026-03-09 09:11:49 [INFO]  Running scheduled daily cleanup... (mocking background task)
2026-03-09 09:12:04 [INFO]  Running scheduled daily cleanup... (mocking background task)
2026-03-09 09:12:19 [INFO]  Running scheduled daily cleanup... (mocking background task)
2026-03-09 09:12:34 [INFO]  Running scheduled daily cleanup... (mocking background task)
2026-03-09 09:12:49 [INFO]  Running scheduled daily cleanup... (mocking background task)
2026-03-09 09:13:04 [INFO]  Running scheduled daily cleanup... (mocking background task)
2026-03-09 09:13:19 [INFO]  Running scheduled daily cleanup... (mocking background task)
2026-03-09 09:13:34 [INFO]  Running scheduled daily cleanup... (mocking background task)
2026-03-09 09:13:49 [INFO]  Running scheduled daily cleanup... (mocking background task)
2026-03-09 09:14:04 [INFO]  Running scheduled daily cleanup... (mocking background task)
2026-03-09 09:14:19 [INFO]  Running scheduled daily cleanup... (mocking background task)
2026-03-09 09:14:34 [INFO]  Running scheduled daily cleanup... (mocking background task)
2026-03-09 09:14:49 [INFO]  Running scheduled daily cleanup... (mocking background task)
2026-03-09 09:15:04 [INFO]  Running scheduled daily cleanup... (mocking background task)
2026-03-09 09:15:19 [INFO]  Running scheduled daily cleanup... (mocking background task)
2026-03-09 09:15:34 [INFO]  Running scheduled daily cleanup... (mocking background task)
2026-03-09 09:15:49 [INFO]  Running scheduled daily cleanup... (mocking background task)
2026-03-09 09:16:04 [INFO]  Running scheduled daily cleanup... (mocking background task)
2026-03-09 09:16:19 [INFO]  Running scheduled daily cleanup... (mocking background task)
2026-03-09 09:16:34 [INFO]  Running scheduled daily cleanup... (mocking background task)
2026-03-09 09:16:49 [INFO]  Running scheduled daily cleanup... (mocking background task)
2026-03-09 09:17:04 [INFO]  Running scheduled daily cleanup... (mocking background task)
2026-03-09 09:17:19 [INFO]  Running scheduled daily cleanup... (mocking background task)
2026-03-09 09:17:34 [INFO]  Running scheduled daily cleanup... (mocking background task)
2026-03-09 09:17:49 [INFO]  Running scheduled daily cleanup... (mocking background task)
2026-03-09 09:18:04 [INFO]  Running scheduled daily cleanup... (mocking background task)
2026-03-09 09:18:19 [INFO]  Running scheduled daily cleanup... (mocking background task)
2026-03-09 09:18:34 [INFO]  Running scheduled daily cleanup... (mocking background task)
2026-03-09 09:18:49 [INFO]  Running scheduled daily cleanup... (mocking background task)
2026-03-09 09:19:04 [INFO]  Running scheduled daily cleanup... (mocking background task)
2026-03-09 09:19:19 [INFO]  Running scheduled daily cleanup... (mocking background task)
2026-03-09 09:19:34 [INFO]  Running scheduled daily cleanup... (mocking background task)
2026-03-09 09:19:49 [INFO]  Running scheduled daily cleanup... (mocking background task)
2026-03-09 09:20:04 [INFO]  Running scheduled daily cleanup... (mocking background task)
2026-03-09 09:20:19 [INFO]  Running scheduled daily cleanup... (mocking background task)
2026-03-09 09:20:34 [INFO]  Running scheduled daily cleanup... (mocking background task)
2026-03-09 09:20:49 [INFO]  Running scheduled daily cleanup... (mocking background task)
2026-03-09 09:21:04 [INFO]  Running scheduled daily cleanup... (mocking background task)
2026-03-09 09:21:19 [INFO]  Running scheduled daily cleanup... (mocking background task)
2026-03-09 09:21:34 [INFO]  Running scheduled daily cleanup... (mocking background task)
2026-03-09 09:21:49 [INFO]  Running scheduled daily cleanup... (mocking background task)
2026-03-09 09:22:04 [INFO]  Running scheduled daily cleanup... (mocking background task)
2026-03-09 09:22:19 [INFO]  Running scheduled daily cleanup... (mocking background task)
2026-03-09 09:22:34 [INFO]  Running scheduled daily cleanup... (mocking background task)
2026-03-09 09:22:49 [INFO]  Running scheduled daily cleanup... (mocking background task)
2026-03-09 09:23:04 [INFO]  Running scheduled daily cleanup... (mocking background task)
2026-03-09 09:23:19 [INFO]  Running scheduled daily cleanup... (mocking background task)
2026-03-09 09:23:34 [INFO]  Running scheduled daily cleanup... (mocking background task)
2026-03-09 09:23:49 [INFO]  Running scheduled daily cleanup... (mocking background task)
2026-03-09 09:24:04 [INFO]  Running scheduled daily cleanup... (mocking background task)
2026-03-09 09:24:19 [INFO]  Running scheduled daily cleanup... (mocking background task)
2026-03-09 09:24:34 [INFO]  Running scheduled daily cleanup... (mocking background task)
2026-03-09 09:24:49 [INFO]  Running scheduled daily cleanup... (mocking background task)
2026-03-09 09:25:04 [INFO]  Running scheduled daily cleanup... (mocking background task)
2026-03-09 09:25:19 [INFO]  Running scheduled daily cleanup... (mocking background task)
2026-03-09 09:25:34 [INFO]  Running scheduled daily cleanup... (mocking background task)
2026-03-09 09:25:49 [INFO]  Running scheduled daily cleanup... (mocking background task)
2026-03-09 09:26:04 [INFO]  Running scheduled daily cleanup... (mocking background task)
2026-03-09 09:26:19 [INFO]  Running scheduled daily cleanup... (mocking background task)
2026-03-09 09:26:34 [INFO]  Running scheduled daily cleanup... (mocking background task)
2026-03-09 09:26:49 [INFO]  Running scheduled daily cleanup... (mocking background task)
2026-03-09 09:27:04 [INFO]  Running scheduled daily cleanup... (mocking background task)
2026-03-09 09:27:19 [INFO]  Running scheduled daily cleanup... (mocking background task)
2026-03-09 09:27:34 [INFO]  Running scheduled daily cleanup... (mocking background task)
2026-03-09 09:27:49 [INFO]  Running scheduled daily cleanup... (mocking background task)
2026-03-09 09:28:04 [INFO]  Running scheduled daily cleanup... (mocking background task)
2026-03-09 09:28:19 [INFO]  Running scheduled daily cleanup... (mocking background task)
2026-03-09 09:28:34 [INFO]  Running scheduled daily cleanup... (mocking background task)
2026-03-09 09:28:49 [INFO]  Running scheduled daily cleanup... (mocking background task)
2026-03-09 09:29:04 [INFO]  Running scheduled daily cleanup... (mocking background task)
2026-03-09 09:29:19 [INFO]  Running scheduled daily cleanup... (mocking background task)
2026-03-09 09:29:34 [INFO]  Running scheduled daily cleanup... (mocking background task)
2026-03-09 09:29:49 [INFO]  Running scheduled daily cleanup... (mocking background task)
2026-03-09 09:30:04 [INFO]  Running scheduled daily cleanup... (mocking background task)
2026-03-09 09:30:19 [INFO]  Running scheduled daily cleanup... (mocking background task)
2026-03-09 09:30:34 [INFO]  Running scheduled daily cleanup... (mocking background task)
2026-03-09 09:30:49 [INFO]  Running scheduled daily cleanup... (mocking background task)
2026-03-09 09:31:04 [INFO]  Running scheduled daily cleanup... (mocking background task)
2026-03-09 09:31:19 [INFO]  Running scheduled daily cleanup... (mocking background task)
2026-03-09 09:31:34 [INFO]  Running scheduled daily cleanup... (mocking background task)
2026-03-09 09:31:49 [INFO]  Running scheduled daily cleanup... (mocking background task)
2026-03-09 09:32:04 [INFO]  Running scheduled daily cleanup... (mocking background task)
2026-03-09 09:32:19 [INFO]  Running scheduled daily cleanup... (mocking background task)
2026-03-09 09:32:34 [INFO]  Running scheduled daily cleanup... (mocking background task)
2026-03-09 09:32:49 [INFO]  Running scheduled daily cleanup... (mocking background task)
2026-03-09 09:33:04 [INFO]  Running scheduled daily cleanup... (mocking background task)
2026-03-09 09:33:19 [INFO]  Running scheduled daily cleanup... (mocking background task)
2026-03-09 09:33:34 [INFO]  Running scheduled daily cleanup... (mocking background task)
2026-03-09 09:33:49 [INFO]  Running scheduled daily cleanup... (mocking background task)
2026-03-09 09:34:04 [INFO]  Running scheduled daily cleanup... (mocking background task)
2026-03-09 09:34:19 [INFO]  Running scheduled daily cleanup... (mocking background task)
2026-03-09 09:34:34 [INFO]  Running scheduled daily cleanup... (mocking background task)
2026-03-09 09:34:49 [INFO]  Running scheduled daily cleanup... (mocking background task)
2026-03-09 09:35:04 [INFO]  Running scheduled daily cleanup... (mocking background task)
2026-03-09 09:35:19 [INFO]  Running scheduled daily cleanup... (mocking background task)
2026-03-09 09:35:34 [INFO]  Running scheduled daily cleanup... (mocking background task)
2026-03-09 09:35:49 [INFO]  Running scheduled daily cleanup... (mocking background task)
2026-03-09 09:36:04 [INFO]  Running scheduled daily cleanup... (mocking background task)
2026-03-09 09:36:19 [INFO]  Running scheduled daily cleanup... (mocking background task)
2026-03-09 09:36:34 [INFO]  Running scheduled daily cleanup... (mocking background task)
2026-03-09 09:36:49 [INFO]  Running scheduled daily cleanup... (mocking background task)
2026-03-09 09:37:04 [INFO]  Running scheduled daily cleanup... (mocking background task)
2026-03-09 09:37:19 [INFO]  Running scheduled daily cleanup... (mocking background task)
2026-03-09 09:37:34 [INFO]  Running scheduled daily cleanup... (mocking background task)
2026-03-09 09:37:49 [INFO]  Running scheduled daily cleanup... (mocking background task)
2026-03-09 09:38:04 [INFO]  Running scheduled daily cleanup... (mocking background task)
2026-03-09 09:38:19 [INFO]  Running scheduled daily cleanup... (mocking background task)
2026-03-09 09:38:34 [INFO]  Running scheduled daily cleanup... (mocking background task)
2026-03-09 09:38:49 [INFO]  Running scheduled daily cleanup... (mocking background task)
2026-03-09 09:39:04 [INFO]  Running scheduled daily cleanup... (mocking background task)
2026-03-09 09:39:19 [INFO]  Running scheduled daily cleanup... (mocking background task)
2026-03-09 09:39:34 [INFO]  Running scheduled daily cleanup... (mocking background task)
2026-03-09 09:39:49 [INFO]  Running scheduled daily cleanup... (mocking background task)
2026-03-09 09:40:04 [INFO]  Running scheduled daily cleanup... (mocking background task)
2026-03-09 09:40:19 [INFO]  Running scheduled daily cleanup... (mocking background task)
2026-03-09 09:40:34 [INFO]  Running scheduled daily cleanup... (mocking background task)
2026-03-09 09:40:49 [INFO]  Running scheduled daily cleanup... (mocking background task)
2026-03-09 09:41:04 [INFO]  Running scheduled daily cleanup... (mocking background task)
2026-03-09 09:41:19 [INFO]  Running scheduled daily cleanup... (mocking background task)
2026-03-09 09:41:34 [INFO]  Running scheduled daily cleanup... (mocking background task)
2026-03-09 09:41:49 [INFO]  Running scheduled daily cleanup... (mocking background task)
2026-03-09 09:42:04 [INFO]  Running scheduled daily cleanup... (mocking background task)
2026-03-09 09:42:19 [INFO]  Running scheduled daily cleanup... (mocking background task)
2026-03-09 09:42:34 [INFO]  Running scheduled daily cleanup... (mocking background task)
2026-03-09 09:42:49 [INFO]  Running scheduled daily cleanup... (mocking background task)
2026-03-09 09:43:04 [INFO]  Running scheduled daily cleanup... (mocking background task)
2026-03-09 09:43:19 [INFO]  Running scheduled daily cleanup... (mocking background task)
2026-03-09 09:43:34 [INFO]  Running scheduled daily cleanup... (mocking background task)
2026-03-09 09:43:49 [INFO]  Running scheduled daily cleanup... (mocking background task)
2026-03-09 09:44:04 [INFO]  Running scheduled daily cleanup... (mocking background task)
2026-03-09 09:44:19 [INFO]  Running scheduled daily cleanup... (mocking background task)
2026-03-09 09:44:34 [INFO]  Running scheduled daily cleanup... (mocking background task)
2026-03-09 09:44:49 [INFO]  Running scheduled daily cleanup... (mocking background task)
2026-03-09 09:45:04 [INFO]  Running scheduled daily cleanup... (mocking background task)
2026-03-09 09:45:19 [INFO]  Running scheduled daily cleanup... (mocking background task)
2026-03-09 09:45:34 [INFO]  Running scheduled daily cleanup... (mocking background task)
2026-03-09 09:45:49 [INFO]  Running scheduled daily cleanup... (mocking background task)
2026-03-09 09:46:04 [INFO]  Running scheduled daily cleanup... (mocking background task)
2026-03-09 09:46:19 [INFO]  Running scheduled daily cleanup... (mocking background task)
2026-03-09 09:46:34 [INFO]  Running scheduled daily cleanup... (mocking background task)
2026-03-09 09:46:49 [INFO]  Running scheduled daily cleanup... (mocking background task)
2026-03-09 09:47:04 [INFO]  Running scheduled daily cleanup... (mocking background task)
2026-03-09 09:47:19 [INFO]  Running scheduled daily cleanup... (mocking background task)
2026-03-09 09:47:34 [INFO]  Running scheduled daily cleanup... (mocking background task)
2026-03-09 09:47:49 [INFO]  Running scheduled daily cleanup... (mocking background task)
2026-03-09 09:48:04 [INFO]  Running scheduled daily cleanup... (mocking background task)
2026-03-09 09:48:19 [INFO]  Cron job registered: daily_cleanup (interval: 15s)
2026-03-09 09:48:19 [INFO]  Starting 1 cron jobs...
2026-03-09 09:48:19 [INFO]  Aether is up and flying! localhost:8080
